# JRE version: Java(TM) SE Runtime Environment (8.0_211-b12) (build 1.8.0_211-b12)
# Java VM: Java HotSpot(TM) 64-Bit Server VM (25.211-b12 mixed mode windows-amd64 compressed oops)
Heap:
 PSYoungGen      total 348160K, used 96859K [0x000000076b600000, 0x0000000786400000, 0x00000007c0000000)
  eden space 322048K, 24% used [0x000000076b600000,0x0000000770451af0,0x000000077f080000)
  from space 26112K, 63% used [0x000000077f080000,0x00000007800c51a0,0x0000000780a00000)
  to   space 26112K, 0% used [0x0000000784a80000,0x0000000784a80000,0x0000000786400000)
 ParOldGen       total 212480K, used 36259K [0x00000006c2200000, 0x00000006cf180000, 0x000000076b600000)
  object space 212480K, 17% used [0x00000006c2200000,0x00000006c4568ea8,0x00000006cf180000)
 Metaspace       used 66535K, capacity 69868K, committed 70144K, reserved 1110016K
  class space    used 9275K, capacity 9857K, committed 9984K, reserved 1048576K
GC Heap History (10 events):
Event: 7.135 GC heap before
{Heap before GC invocations=10 (full 2):
 PSYoungGen      total 259584K, used 14115K [0x000000076b600000, 0x000000077d900000, 0x00000007c0000000)
  eden space 239616K, 0% used [0x000000076b600000,0x000000076b600000,0x000000077a000000)
  from space 19968K, 70% used [0x000000077b400000,0x000000077c1c8c48,0x000000077c780000)
  to   space 20480K, 0% used [0x000000077a000000,0x000000077a000000,0x000000077b400000)
 ParOldGen       total 103424K, used 13943K [0x00000006c2200000, 0x00000006c8700000, 0x000000076b600000)
  object space 103424K, 13% used [0x00000006c2200000,0x00000006c2f9dd60,0x00000006c8700000)
 Metaspace       used 33547K, capacity 35288K, committed 35456K, reserved 1079296K
  class space    used 4517K, capacity 4878K, committed 4992K, reserved 1048576K
Event: 7.194 GC heap after
Heap after GC invocations=10 (full 2):
 PSYoungGen      total 259584K, used 0K [0x000000076b600000, 0x000000077d900000, 0x00000007c0000000)
  eden space 239616K, 0% used [0x000000076b600000,0x000000076b600000,0x000000077a000000)
  from space 19968K, 0% used [0x000000077b400000,0x000000077b400000,0x000000077c780000)
  to   space 20480K, 0% used [0x000000077a000000,0x000000077a000000,0x000000077b400000)
 ParOldGen       total 149504K, used 21257K [0x00000006c2200000, 0x00000006cb400000, 0x000000076b600000)
  object space 149504K, 14% used [0x00000006c2200000,0x00000006c36c26b8,0x00000006cb400000)
 Metaspace       used 33547K, capacity 35288K, committed 35456K, reserved 1079296K
  class space    used 4517K, capacity 4878K, committed 4992K, reserved 1048576K
}
Event: 10.351 GC heap before
{Heap before GC invocations=11 (full 2):
 PSYoungGen      total 259584K, used 239616K [0x000000076b600000, 0x000000077d900000, 0x00000007c0000000)
  eden space 239616K, 100% used [0x000000076b600000,0x000000077a000000,0x000000077a000000)
  from space 19968K, 0% used [0x000000077b400000,0x000000077b400000,0x000000077c780000)
  to   space 20480K, 0% used [0x000000077a000000,0x000000077a000000,0x000000077b400000)
 ParOldGen       total 149504K, used 21257K [0x00000006c2200000, 0x00000006cb400000, 0x000000076b600000)
  object space 149504K, 14% used [0x00000006c2200000,0x00000006c36c26b8,0x00000006cb400000)
 Metaspace       used 53616K, capacity 56064K, committed 56320K, reserved 1097728K
  class space    used 7414K, capacity 7913K, committed 7936K, reserved 1048576K
Event: 10.368 GC heap after
Heap after GC invocations=11 (full 2):
 PSYoungGen      total 260096K, used 20454K [0x000000076b600000, 0x0000000782500000, 0x00000007c0000000)
  eden space 239616K, 0% used [0x000000076b600000,0x000000076b600000,0x000000077a000000)
  from space 20480K, 99% used [0x000000077a000000,0x000000077b3f9b80,0x000000077b400000)
  to   space 25600K, 0% used [0x0000000780c00000,0x0000000780c00000,0x0000000782500000)
 ParOldGen       total 149504K, used 26765K [0x00000006c2200000, 0x00000006cb400000, 0x000000076b600000)
  object space 149504K, 17% used [0x00000006c2200000,0x00000006c3c23768,0x00000006cb400000)
 Metaspace       used 53616K, capacity 56064K, committed 56320K, reserved 1097728K
  class space    used 7414K, capacity 7913K, committed 7936K, reserved 1048576K
}
Event: 11.162 GC heap before
{Heap before GC invocations=12 (full 2):
 PSYoungGen      total 260096K, used 165225K [0x000000076b600000, 0x0000000782500000, 0x00000007c0000000)
  eden space 239616K, 60% used [0x000000076b600000,0x00000007743609d0,0x000000077a000000)
  from space 20480K, 99% used [0x000000077a000000,0x000000077b3f9b80,0x000000077b400000)
  to   space 25600K, 0% used [0x0000000780c00000,0x0000000780c00000,0x0000000782500000)
 ParOldGen       total 149504K, used 26765K [0x00000006c2200000, 0x00000006cb400000, 0x000000076b600000)
  object space 149504K, 17% used [0x00000006c2200000,0x00000006c3c23768,0x00000006cb400000)
 Metaspace       used 56313K, capacity 59032K, committed 59096K, reserved 1099776K
  class space    used 7806K, capacity 8313K, committed 8320K, reserved 1048576K
Event: 11.172 GC heap after
Heap after GC invocations=12 (full 2):
 PSYoungGen      total 346112K, used 16969K [0x000000076b600000, 0x0000000782380000, 0x00000007c0000000)
  eden space 322048K, 0% used [0x000000076b600000,0x000000076b600000,0x000000077f080000)
  from space 24064K, 70% used [0x0000000780c00000,0x0000000781c92640,0x0000000782380000)
  to   space 26112K, 0% used [0x000000077f080000,0x000000077f080000,0x0000000780a00000)
 ParOldGen       total 149504K, used 26773K [0x00000006c2200000, 0x00000006cb400000, 0x000000076b600000)
  object space 149504K, 17% used [0x00000006c2200000,0x00000006c3c25768,0x00000006cb400000)
 Metaspace       used 56313K, capacity 59032K, committed 59096K, reserved 1099776K
  class space    used 7806K, capacity 8313K, committed 8320K, reserved 1048576K
}
Event: 11.172 GC heap before
{Heap before GC invocations=13 (full 3):
 PSYoungGen      total 346112K, used 16969K [0x000000076b600000, 0x0000000782380000, 0x00000007c0000000)
  eden space 322048K, 0% used [0x000000076b600000,0x000000076b600000,0x000000077f080000)
  from space 24064K, 70% used [0x0000000780c00000,0x0000000781c92640,0x0000000782380000)
  to   space 26112K, 0% used [0x000000077f080000,0x000000077f080000,0x0000000780a00000)
 ParOldGen       total 149504K, used 26773K [0x00000006c2200000, 0x00000006cb400000, 0x000000076b600000)
  object space 149504K, 17% used [0x00000006c2200000,0x00000006c3c25768,0x00000006cb400000)
 Metaspace       used 56313K, capacity 59032K, committed 59096K, reserved 1099776K
  class space    used 7806K, capacity 8313K, committed 8320K, reserved 1048576K
Event: 11.377 GC heap after
Heap after GC invocations=13 (full 3):
 PSYoungGen      total 346112K, used 0K [0x000000076b600000, 0x0000000782380000, 0x00000007c0000000)
  eden space 322048K, 0% used [0x000000076b600000,0x000000076b600000,0x000000077f080000)
  from space 24064K, 0% used [0x0000000780c00000,0x0000000780c00000,0x0000000782380000)
  to   space 26112K, 0% used [0x000000077f080000,0x000000077f080000,0x0000000780a00000)
 ParOldGen       total 212480K, used 36251K [0x00000006c2200000, 0x00000006cf180000, 0x000000076b600000)
  object space 212480K, 17% used [0x00000006c2200000,0x00000006c4566ea8,0x00000006cf180000)
 Metaspace       used 56313K, capacity 59032K, committed 59096K, reserved 1099776K
  class space    used 7806K, capacity 8313K, committed 8320K, reserved 1048576K
}
Event: 17.029 GC heap before
{Heap before GC invocations=14 (full 3):
 PSYoungGen      total 346112K, used 322048K [0x000000076b600000, 0x0000000782380000, 0x00000007c0000000)
  eden space 322048K, 100% used [0x000000076b600000,0x000000077f080000,0x000000077f080000)
  from space 24064K, 0% used [0x0000000780c00000,0x0000000780c00000,0x0000000782380000)
  to   space 26112K, 0% used [0x000000077f080000,0x000000077f080000,0x0000000780a00000)
 ParOldGen       total 212480K, used 36251K [0x00000006c2200000, 0x00000006cf180000, 0x000000076b600000)
  object space 212480K, 17% used [0x00000006c2200000,0x00000006c4566ea8,0x00000006cf180000)
 Metaspace       used 64578K, capacity 67884K, committed 68096K, reserved 1107968K
  class space    used 9015K, capacity 9601K, committed 9728K, reserved 1048576K
Event: 17.041 GC heap after
Heap after GC invocations=14 (full 3):
 PSYoungGen      total 348160K, used 16660K [0x000000076b600000, 0x0000000786400000, 0x00000007c0000000)
  eden space 322048K, 0% used [0x000000076b600000,0x000000076b600000,0x000000077f080000)
  from space 26112K, 63% used [0x000000077f080000,0x00000007800c51a0,0x0000000780a00000)
  to   space 26112K, 0% used [0x0000000784a80000,0x0000000784a80000,0x0000000786400000)
 ParOldGen       total 212480K, used 36259K [0x00000006c2200000, 0x00000006cf180000, 0x000000076b600000)
  object space 212480K, 17% used [0x00000006c2200000,0x00000006c4568ea8,0x00000006cf180000)
 Metaspace       used 64578K, capacity 67884K, committed 68096K, reserved 1107968K
  class space    used 9015K, capacity 9601K, committed 9728K, reserved 1048576K
}

